2024-04-17 19:36:55,803 [restartedMain] ERROR [o.s.b.diagnostics.LoggingFailureAnalysisReporter] LoggingFailureAnalysisReporter.java:40 - 

***************************
APPLICATION FAILED TO START
***************************

Description:

Field redisService in AuthFilter required a bean of type 'com.qywk.common.redis.service.RedisService' that could not be found.

The injection point has the following annotations:
	- @org.springframework.beans.factory.annotation.Autowired(required=true)


Action:

Consider defining a bean of type 'com.qywk.common.redis.service.RedisService' in your configuration.

2024-04-17 20:57:31,724 [reactor-http-nio-2] ERROR [com.qywk.handler.GatewayExceptionHandler] GatewayExceptionHandler.java:43 - [网关异常处理]请求路径:/,异常信息:404 NOT_FOUND
2024-04-17 20:59:09,553 [reactor-http-nio-5] ERROR [com.qywk.handler.GatewayExceptionHandler] GatewayExceptionHandler.java:43 - [网关异常处理]请求路径:/inquiry,异常信息:404 NOT_FOUND
2024-04-17 20:59:17,396 [reactor-http-nio-5] ERROR [com.qywk.handler.GatewayExceptionHandler] GatewayExceptionHandler.java:43 - [网关异常处理]请求路径:/chat/inquiry,异常信息:404 NOT_FOUND
2024-04-17 20:59:28,537 [reactor-http-nio-5] ERROR [com.qywk.handler.GatewayExceptionHandler] GatewayExceptionHandler.java:43 - [网关异常处理]请求路径:/chat/inquiry,异常信息:404 NOT_FOUND
2024-04-17 21:02:30,936 [reactor-http-nio-3] ERROR [com.qywk.handler.GatewayExceptionHandler] GatewayExceptionHandler.java:43 - [网关异常处理]请求路径:/chat/inquiry,异常信息:404 NOT_FOUND
2024-04-17 21:02:32,551 [reactor-http-nio-3] ERROR [com.qywk.handler.GatewayExceptionHandler] GatewayExceptionHandler.java:43 - [网关异常处理]请求路径:/chat/inquiry,异常信息:404 NOT_FOUND
2024-04-17 21:02:33,710 [reactor-http-nio-3] ERROR [com.qywk.handler.GatewayExceptionHandler] GatewayExceptionHandler.java:43 - [网关异常处理]请求路径:/chat/inquiry,异常信息:404 NOT_FOUND
2024-04-17 21:02:34,860 [reactor-http-nio-3] ERROR [com.qywk.handler.GatewayExceptionHandler] GatewayExceptionHandler.java:43 - [网关异常处理]请求路径:/chat/inquiry,异常信息:404 NOT_FOUND
2024-04-17 21:02:35,902 [reactor-http-nio-3] ERROR [com.qywk.handler.GatewayExceptionHandler] GatewayExceptionHandler.java:43 - [网关异常处理]请求路径:/chat/inquiry,异常信息:404 NOT_FOUND
2024-04-17 21:03:25,779 [reactor-http-nio-3] ERROR [com.qywk.handler.GatewayExceptionHandler] GatewayExceptionHandler.java:43 - [网关异常处理]请求路径:/chat/inquiry,异常信息:404 NOT_FOUND
2024-04-17 21:03:37,287 [reactor-http-nio-3] ERROR [com.qywk.handler.GatewayExceptionHandler] GatewayExceptionHandler.java:43 - [网关异常处理]请求路径:/chat/inquiry,异常信息:404 NOT_FOUND
2024-04-17 21:08:19,723 [reactor-http-nio-3] ERROR [com.qywk.handler.GatewayExceptionHandler] GatewayExceptionHandler.java:43 - [网关异常处理]请求路径:/chat/inquiry,异常信息:404 NOT_FOUND
2024-04-17 21:36:28,758 [reactor-http-nio-3] ERROR [com.qywk.handler.GatewayExceptionHandler] GatewayExceptionHandler.java:43 - [网关异常处理]请求路径:/user/login/normal,异常信息:404 NOT_FOUND
2024-04-17 21:36:49,361 [reactor-http-nio-3] ERROR [com.qywk.handler.GatewayExceptionHandler] GatewayExceptionHandler.java:43 - [网关异常处理]请求路径:/,异常信息:404 NOT_FOUND
2024-04-17 21:37:07,332 [reactor-http-nio-3] ERROR [com.qywk.handler.GatewayExceptionHandler] GatewayExceptionHandler.java:43 - [网关异常处理]请求路径:/chat/inquiry,异常信息:404 NOT_FOUND
2024-04-17 21:37:26,582 [reactor-http-nio-3] ERROR [com.qywk.handler.GatewayExceptionHandler] GatewayExceptionHandler.java:43 - [网关异常处理]请求路径:/chat/inquiry,异常信息:404 NOT_FOUND
2024-04-17 21:43:28,390 [reactor-http-nio-3] ERROR [com.qywk.handler.GatewayExceptionHandler] GatewayExceptionHandler.java:43 - [网关异常处理]请求路径:/user/login/normal,异常信息:404 NOT_FOUND
2024-04-17 21:43:33,894 [reactor-http-nio-3] ERROR [com.qywk.handler.GatewayExceptionHandler] GatewayExceptionHandler.java:43 - [网关异常处理]请求路径:/chat/inquiry,异常信息:404 NOT_FOUND
2024-04-17 21:48:27,332 [reactor-http-nio-3] ERROR [com.qywk.handler.GatewayExceptionHandler] GatewayExceptionHandler.java:43 - [网关异常处理]请求路径:/chat/inquiry,异常信息:404 NOT_FOUND
2024-04-17 21:48:30,463 [reactor-http-nio-3] ERROR [com.qywk.handler.GatewayExceptionHandler] GatewayExceptionHandler.java:43 - [网关异常处理]请求路径:/user/login/normal,异常信息:404 NOT_FOUND
2024-04-17 21:49:47,382 [reactor-http-nio-3] ERROR [com.qywk.handler.GatewayExceptionHandler] GatewayExceptionHandler.java:43 - [网关异常处理]请求路径:/user/login/normal,异常信息:404 NOT_FOUND
2024-04-17 21:49:54,417 [reactor-http-nio-3] ERROR [com.qywk.handler.GatewayExceptionHandler] GatewayExceptionHandler.java:43 - [网关异常处理]请求路径:/chatai/inquiry,异常信息:404 NOT_FOUND
2024-04-17 21:51:49,388 [restartedMain] ERROR [com.alibaba.cloud.nacos.NacosConfigProperties] NacosConfigProperties.java:350 - create config service error!properties=NacosConfigProperties{serverAddr='null', encode='null', group='DEFAULT_GROUP', prefix='null', fileExtension='properties', timeout=3000, endpoint='null', namespace='null', accessKey='null', secretKey='null', contextPath='null', clusterName='null', name='null', sharedDataids='null', refreshableDataids='null', extConfig=null},e=,
com.alibaba.nacos.api.exception.NacosException: java.lang.reflect.InvocationTargetException
	at com.alibaba.nacos.api.config.ConfigFactory.createConfigService(ConfigFactory.java:45)
	at com.alibaba.nacos.api.NacosFactory.createConfigService(NacosFactory.java:43)
	at com.alibaba.cloud.nacos.NacosConfigProperties.configServiceInstance(NacosConfigProperties.java:346)
	at com.alibaba.cloud.nacos.client.NacosPropertySourceLocator.locate(NacosPropertySourceLocator.java:63)
	at org.springframework.cloud.bootstrap.config.PropertySourceLocator.locateCollection(PropertySourceLocator.java:52)
	at org.springframework.cloud.bootstrap.config.PropertySourceLocator.locateCollection(PropertySourceLocator.java:47)
	at org.springframework.cloud.bootstrap.config.PropertySourceBootstrapConfiguration.initialize(PropertySourceBootstrapConfiguration.java:101)
	at org.springframework.boot.SpringApplication.applyInitializers(SpringApplication.java:626)
	at org.springframework.boot.SpringApplication.prepareContext(SpringApplication.java:370)
	at org.springframework.boot.SpringApplication.run(SpringApplication.java:314)
	at com.qywk.QYWKGateWayApplication.main(QYWKGateWayApplication.java:24)
	at sun.reflect.NativeMethodAccessorImpl.invoke0(Native Method)
	at sun.reflect.NativeMethodAccessorImpl.invoke(NativeMethodAccessorImpl.java:62)
	at sun.reflect.DelegatingMethodAccessorImpl.invoke(DelegatingMethodAccessorImpl.java:43)
	at java.lang.reflect.Method.invoke(Method.java:498)
	at org.springframework.boot.devtools.restart.RestartLauncher.run(RestartLauncher.java:49)
Caused by: java.lang.reflect.InvocationTargetException: null
	at sun.reflect.NativeConstructorAccessorImpl.newInstance0(Native Method)
	at sun.reflect.NativeConstructorAccessorImpl.newInstance(NativeConstructorAccessorImpl.java:62)
	at sun.reflect.DelegatingConstructorAccessorImpl.newInstance(DelegatingConstructorAccessorImpl.java:45)
	at java.lang.reflect.Constructor.newInstance(Constructor.java:423)
	at com.alibaba.nacos.api.config.ConfigFactory.createConfigService(ConfigFactory.java:42)
	... 15 common frames omitted
Caused by: com.alibaba.nacos.api.exception.NacosException: endpoint is blank
	at com.alibaba.nacos.client.config.impl.ServerListManager.<init>(ServerListManager.java:154)
	at com.alibaba.nacos.client.config.http.ServerHttpAgent.<init>(ServerHttpAgent.java:244)
	at com.alibaba.nacos.client.config.NacosConfigService.<init>(NacosConfigService.java:83)
	... 20 common frames omitted
2024-04-17 21:51:55,715 [restartedMain] ERROR [com.alibaba.cloud.nacos.NacosConfigProperties] NacosConfigProperties.java:350 - create config service error!properties=NacosConfigProperties{serverAddr='null', encode='null', group='DEFAULT_GROUP', prefix='null', fileExtension='properties', timeout=3000, endpoint='null', namespace='null', accessKey='null', secretKey='null', contextPath='null', clusterName='null', name='null', sharedDataids='null', refreshableDataids='null', extConfig=null},e=,
com.alibaba.nacos.api.exception.NacosException: java.lang.reflect.InvocationTargetException
	at com.alibaba.nacos.api.config.ConfigFactory.createConfigService(ConfigFactory.java:45)
	at com.alibaba.nacos.api.NacosFactory.createConfigService(NacosFactory.java:43)
	at com.alibaba.cloud.nacos.NacosConfigProperties.configServiceInstance(NacosConfigProperties.java:346)
	at com.alibaba.cloud.nacos.NacosConfigAutoConfiguration.nacosContextRefresher(NacosConfigAutoConfiguration.java:64)
	at com.alibaba.cloud.nacos.NacosConfigAutoConfiguration$$EnhancerBySpringCGLIB$$43d50e86.CGLIB$nacosContextRefresher$3(<generated>)
	at com.alibaba.cloud.nacos.NacosConfigAutoConfiguration$$EnhancerBySpringCGLIB$$43d50e86$$FastClassBySpringCGLIB$$61200a79.invoke(<generated>)
	at org.springframework.cglib.proxy.MethodProxy.invokeSuper(MethodProxy.java:244)
	at org.springframework.context.annotation.ConfigurationClassEnhancer$BeanMethodInterceptor.intercept(ConfigurationClassEnhancer.java:363)
	at com.alibaba.cloud.nacos.NacosConfigAutoConfiguration$$EnhancerBySpringCGLIB$$43d50e86.nacosContextRefresher(<generated>)
	at sun.reflect.NativeMethodAccessorImpl.invoke0(Native Method)
	at sun.reflect.NativeMethodAccessorImpl.invoke(NativeMethodAccessorImpl.java:62)
	at sun.reflect.DelegatingMethodAccessorImpl.invoke(DelegatingMethodAccessorImpl.java:43)
	at java.lang.reflect.Method.invoke(Method.java:498)
	at org.springframework.beans.factory.support.SimpleInstantiationStrategy.instantiate(SimpleInstantiationStrategy.java:154)
	at org.springframework.beans.factory.support.ConstructorResolver.instantiate(ConstructorResolver.java:651)
	at org.springframework.beans.factory.support.ConstructorResolver.instantiateUsingFactoryMethod(ConstructorResolver.java:636)
	at org.springframework.beans.factory.support.AbstractAutowireCapableBeanFactory.instantiateUsingFactoryMethod(AbstractAutowireCapableBeanFactory.java:1338)
	at org.springframework.beans.factory.support.AbstractAutowireCapableBeanFactory.createBeanInstance(AbstractAutowireCapableBeanFactory.java:1177)
	at org.springframework.beans.factory.support.AbstractAutowireCapableBeanFactory.doCreateBean(AbstractAutowireCapableBeanFactory.java:557)
	at org.springframework.beans.factory.support.AbstractAutowireCapableBeanFactory.createBean(AbstractAutowireCapableBeanFactory.java:517)
	at org.springframework.beans.factory.support.AbstractBeanFactory.lambda$doGetBean$0(AbstractBeanFactory.java:323)
	at org.springframework.beans.factory.support.DefaultSingletonBeanRegistry.getSingleton(DefaultSingletonBeanRegistry.java:222)
	at org.springframework.beans.factory.support.AbstractBeanFactory.doGetBean(AbstractBeanFactory.java:321)
	at org.springframework.beans.factory.support.AbstractBeanFactory.getBean(AbstractBeanFactory.java:202)
	at org.springframework.beans.factory.support.DefaultListableBeanFactory.preInstantiateSingletons(DefaultListableBeanFactory.java:879)
	at org.springframework.context.support.AbstractApplicationContext.finishBeanFactoryInitialization(AbstractApplicationContext.java:878)
	at org.springframework.context.support.AbstractApplicationContext.refresh(AbstractApplicationContext.java:550)
	at org.springframework.boot.web.reactive.context.ReactiveWebServerApplicationContext.refresh(ReactiveWebServerApplicationContext.java:66)
	at org.springframework.boot.SpringApplication.refresh(SpringApplication.java:747)
	at org.springframework.boot.SpringApplication.refreshContext(SpringApplication.java:397)
	at org.springframework.boot.SpringApplication.run(SpringApplication.java:315)
	at com.qywk.QYWKGateWayApplication.main(QYWKGateWayApplication.java:24)
	at sun.reflect.NativeMethodAccessorImpl.invoke0(Native Method)
	at sun.reflect.NativeMethodAccessorImpl.invoke(NativeMethodAccessorImpl.java:62)
	at sun.reflect.DelegatingMethodAccessorImpl.invoke(DelegatingMethodAccessorImpl.java:43)
	at java.lang.reflect.Method.invoke(Method.java:498)
	at org.springframework.boot.devtools.restart.RestartLauncher.run(RestartLauncher.java:49)
Caused by: java.lang.reflect.InvocationTargetException: null
	at sun.reflect.NativeConstructorAccessorImpl.newInstance0(Native Method)
	at sun.reflect.NativeConstructorAccessorImpl.newInstance(NativeConstructorAccessorImpl.java:62)
	at sun.reflect.DelegatingConstructorAccessorImpl.newInstance(DelegatingConstructorAccessorImpl.java:45)
	at java.lang.reflect.Constructor.newInstance(Constructor.java:423)
	at com.alibaba.nacos.api.config.ConfigFactory.createConfigService(ConfigFactory.java:42)
	... 36 common frames omitted
Caused by: com.alibaba.nacos.api.exception.NacosException: endpoint is blank
	at com.alibaba.nacos.client.config.impl.ServerListManager.<init>(ServerListManager.java:154)
	at com.alibaba.nacos.client.config.http.ServerHttpAgent.<init>(ServerHttpAgent.java:244)
	at com.alibaba.nacos.client.config.NacosConfigService.<init>(NacosConfigService.java:83)
	... 41 common frames omitted
2024-04-17 21:52:01,703 [restartedMain] ERROR [c.a.cloud.nacos.registry.NacosServiceRegistry] NacosServiceRegistry.java:66 - nacos registry, qywk-gateway register failed...NacosRegistration{nacosDiscoveryProperties=NacosDiscoveryProperties{serverAddr='', endpoint='', namespace='', watchDelay=30000, logName='', service='qywk-gateway', weight=1.0, clusterName='DEFAULT', namingLoadCacheAtStart='false', metadata={preserved.register.source=SPRING_CLOUD}, registerEnabled=true, ip='192.168.11.1', networkInterface='', port=9000, secure=false, accessKey='', secretKey=''}},
java.lang.IllegalArgumentException: no server available
	at com.alibaba.nacos.client.naming.net.NamingProxy.reqAPI(NamingProxy.java:438)
	at com.alibaba.nacos.client.naming.net.NamingProxy.reqAPI(NamingProxy.java:386)
	at com.alibaba.nacos.client.naming.net.NamingProxy.registerService(NamingProxy.java:188)
	at com.alibaba.nacos.client.naming.NacosNamingService.registerInstance(NacosNamingService.java:205)
	at com.alibaba.nacos.client.naming.NacosNamingService.registerInstance(NacosNamingService.java:184)
	at com.alibaba.cloud.nacos.registry.NacosServiceRegistry.register(NacosServiceRegistry.java:61)
	at org.springframework.cloud.client.serviceregistry.AbstractAutoServiceRegistration.register(AbstractAutoServiceRegistration.java:239)
	at com.alibaba.cloud.nacos.registry.NacosAutoServiceRegistration.register(NacosAutoServiceRegistration.java:74)
	at org.springframework.cloud.client.serviceregistry.AbstractAutoServiceRegistration.start(AbstractAutoServiceRegistration.java:138)
	at org.springframework.cloud.client.serviceregistry.AbstractAutoServiceRegistration.bind(AbstractAutoServiceRegistration.java:101)
	at org.springframework.cloud.client.serviceregistry.AbstractAutoServiceRegistration.onApplicationEvent(AbstractAutoServiceRegistration.java:88)
	at org.springframework.cloud.client.serviceregistry.AbstractAutoServiceRegistration.onApplicationEvent(AbstractAutoServiceRegistration.java:47)
	at org.springframework.context.event.SimpleApplicationEventMulticaster.doInvokeListener(SimpleApplicationEventMulticaster.java:172)
	at org.springframework.context.event.SimpleApplicationEventMulticaster.invokeListener(SimpleApplicationEventMulticaster.java:165)
	at org.springframework.context.event.SimpleApplicationEventMulticaster.multicastEvent(SimpleApplicationEventMulticaster.java:139)
	at org.springframework.context.support.AbstractApplicationContext.publishEvent(AbstractApplicationContext.java:403)
	at org.springframework.context.support.AbstractApplicationContext.publishEvent(AbstractApplicationContext.java:360)
	at org.springframework.boot.web.reactive.context.ReactiveWebServerApplicationContext.finishRefresh(ReactiveWebServerApplicationContext.java:132)
	at org.springframework.context.support.AbstractApplicationContext.refresh(AbstractApplicationContext.java:553)
	at org.springframework.boot.web.reactive.context.ReactiveWebServerApplicationContext.refresh(ReactiveWebServerApplicationContext.java:66)
	at org.springframework.boot.SpringApplication.refresh(SpringApplication.java:747)
	at org.springframework.boot.SpringApplication.refreshContext(SpringApplication.java:397)
	at org.springframework.boot.SpringApplication.run(SpringApplication.java:315)
	at com.qywk.QYWKGateWayApplication.main(QYWKGateWayApplication.java:24)
	at sun.reflect.NativeMethodAccessorImpl.invoke0(Native Method)
	at sun.reflect.NativeMethodAccessorImpl.invoke(NativeMethodAccessorImpl.java:62)
	at sun.reflect.DelegatingMethodAccessorImpl.invoke(DelegatingMethodAccessorImpl.java:43)
	at java.lang.reflect.Method.invoke(Method.java:498)
	at org.springframework.boot.devtools.restart.RestartLauncher.run(RestartLauncher.java:49)
2024-04-17 21:52:37,795 [reactor-http-nio-3] ERROR [com.qywk.handler.GatewayExceptionHandler] GatewayExceptionHandler.java:43 - [网关异常处理]请求路径:/chatai/inquiry,异常信息:404 NOT_FOUND
2024-04-17 21:54:07,802 [reactor-http-nio-3] ERROR [com.qywk.handler.GatewayExceptionHandler] GatewayExceptionHandler.java:43 - [网关异常处理]请求路径:/chatai/inquiry,异常信息:404 NOT_FOUND
2024-04-17 21:54:15,789 [reactor-http-nio-3] ERROR [com.qywk.handler.GatewayExceptionHandler] GatewayExceptionHandler.java:43 - [网关异常处理]请求路径:/user/login/normal,异常信息:404 NOT_FOUND
2024-04-17 21:58:53,696 [reactor-http-nio-3] ERROR [com.qywk.handler.GatewayExceptionHandler] GatewayExceptionHandler.java:43 - [网关异常处理]请求路径:/user/login/normal,异常信息:503 SERVICE_UNAVAILABLE "Unable to find instance for zjyt-user-center"
2024-04-17 21:58:57,281 [reactor-http-nio-3] ERROR [com.qywk.handler.GatewayExceptionHandler] GatewayExceptionHandler.java:43 - [网关异常处理]请求路径:/chatai/inquiry,异常信息:JWT expired at 2024-03-19T23:11:33Z. Current time: 2024-04-17T21:58:57Z, a difference of 2501244280 milliseconds.  Allowed clock skew: 0 milliseconds.
2024-04-17 22:01:25,489 [reactor-http-nio-3] ERROR [com.qywk.handler.GatewayExceptionHandler] GatewayExceptionHandler.java:43 - [网关异常处理]请求路径:/chatai/inquiry,异常信息:JWT expired at 2024-03-19T23:11:33Z. Current time: 2024-04-17T22:01:18Z, a difference of 2501385080 milliseconds.  Allowed clock skew: 0 milliseconds.
2024-04-17 22:02:28,441 [reactor-http-nio-3] ERROR [com.qywk.handler.GatewayExceptionHandler] GatewayExceptionHandler.java:43 - [网关异常处理]请求路径:/chatai/inquiry,异常信息:JWT expired at 2024-03-19T23:11:33Z. Current time: 2024-04-17T22:02:28Z, a difference of 2501455441 milliseconds.  Allowed clock skew: 0 milliseconds.
2024-04-17 22:02:36,519 [reactor-http-nio-3] ERROR [com.qywk.handler.GatewayExceptionHandler] GatewayExceptionHandler.java:43 - [网关异常处理]请求路径:/chatai/inquiry,异常信息:JWT expired at 2024-03-19T23:11:33Z. Current time: 2024-04-17T22:02:36Z, a difference of 2501463519 milliseconds.  Allowed clock skew: 0 milliseconds.
2024-04-17 22:02:38,005 [reactor-http-nio-3] ERROR [com.qywk.handler.GatewayExceptionHandler] GatewayExceptionHandler.java:43 - [网关异常处理]请求路径:/chatai/inquiry,异常信息:JWT expired at 2024-03-19T23:11:33Z. Current time: 2024-04-17T22:02:38Z, a difference of 2501465005 milliseconds.  Allowed clock skew: 0 milliseconds.
2024-04-17 22:02:39,111 [reactor-http-nio-3] ERROR [com.qywk.handler.GatewayExceptionHandler] GatewayExceptionHandler.java:43 - [网关异常处理]请求路径:/chatai/inquiry,异常信息:JWT expired at 2024-03-19T23:11:33Z. Current time: 2024-04-17T22:02:39Z, a difference of 2501466110 milliseconds.  Allowed clock skew: 0 milliseconds.
2024-04-17 22:02:40,139 [reactor-http-nio-3] ERROR [com.qywk.handler.GatewayExceptionHandler] GatewayExceptionHandler.java:43 - [网关异常处理]请求路径:/chatai/inquiry,异常信息:JWT expired at 2024-03-19T23:11:33Z. Current time: 2024-04-17T22:02:40Z, a difference of 2501467139 milliseconds.  Allowed clock skew: 0 milliseconds.
2024-04-17 22:02:41,284 [reactor-http-nio-3] ERROR [com.qywk.handler.GatewayExceptionHandler] GatewayExceptionHandler.java:43 - [网关异常处理]请求路径:/chatai/inquiry,异常信息:JWT expired at 2024-03-19T23:11:33Z. Current time: 2024-04-17T22:02:41Z, a difference of 2501468284 milliseconds.  Allowed clock skew: 0 milliseconds.
2024-04-17 22:04:47,831 [reactor-http-nio-3] ERROR [com.qywk.handler.GatewayExceptionHandler] GatewayExceptionHandler.java:43 - [网关异常处理]请求路径:/chatai/inquiry,异常信息:JWT expired at 2024-03-19T23:11:33Z. Current time: 2024-04-17T22:04:44Z, a difference of 2501591245 milliseconds.  Allowed clock skew: 0 milliseconds.
2024-04-17 22:14:10,711 [reactor-http-nio-3] ERROR [com.qywk.handler.GatewayExceptionHandler] GatewayExceptionHandler.java:43 - [网关异常处理]请求路径:/chatai/inquiry,异常信息:JWT expired at 2024-03-19T23:11:33Z. Current time: 2024-04-17T22:14:10Z, a difference of 2502157710 milliseconds.  Allowed clock skew: 0 milliseconds.
2024-04-17 22:16:00,347 [reactor-http-nio-3] ERROR [com.qywk.handler.GatewayExceptionHandler] GatewayExceptionHandler.java:43 - [网关异常处理]请求路径:/chatai/inquiry,异常信息:JWT expired at 2024-03-19T23:11:33Z. Current time: 2024-04-17T22:16:00Z, a difference of 2502267335 milliseconds.  Allowed clock skew: 0 milliseconds.
2024-04-17 22:16:27,307 [reactor-http-nio-3] ERROR [com.qywk.handler.GatewayExceptionHandler] GatewayExceptionHandler.java:43 - [网关异常处理]请求路径:/user/login,异常信息:JWT expired at 2024-03-19T23:11:33Z. Current time: 2024-04-17T22:16:27Z, a difference of 2502294306 milliseconds.  Allowed clock skew: 0 milliseconds.
2024-04-17 22:18:36,032 [reactor-http-nio-3] ERROR [com.qywk.handler.GatewayExceptionHandler] GatewayExceptionHandler.java:43 - [网关异常处理]请求路径:/user/login,异常信息:JWT expired at 2024-03-19T23:11:33Z. Current time: 2024-04-17T22:18:36Z, a difference of 2502423031 milliseconds.  Allowed clock skew: 0 milliseconds.
2024-04-17 22:18:38,061 [reactor-http-nio-5] ERROR [com.qywk.handler.GatewayExceptionHandler] GatewayExceptionHandler.java:43 - [网关异常处理]请求路径:/user/login,异常信息:503 SERVICE_UNAVAILABLE "Unable to find instance for zjyt-user-center"
